{"numFailedTestSuites":0,"numFailedTests":0,"numPassedTestSuites":2,"numPassedTests":24,"numPendingTestSuites":0,"numPendingTests":0,"numRuntimeErrorTestSuites":0,"numTodoTests":0,"numTotalTestSuites":2,"numTotalTests":24,"openHandles":[],"snapshot":{"added":0,"didUpdate":false,"failure":false,"filesAdded":0,"filesRemoved":0,"filesRemovedList":[],"filesUnmatched":0,"filesUpdated":0,"matched":0,"total":0,"unchecked":0,"uncheckedKeysByFile":[],"unmatched":0,"updated":0},"startTime":1646314919451,"success":true,"testResults":[{"assertionResults":[{"ancestorTitles":["get"],"failureMessages":[],"fullName":"get should return status 200 when getUserAccount and getPortfolioValue succeed","location":null,"status":"passed","title":"should return status 200 when getUserAccount and getPortfolioValue succeed"},{"ancestorTitles":["get"],"failureMessages":[],"fullName":"get should return body containing funds and portfolio value when getUserAccount and getPortfolioValue succeed","location":null,"status":"passed","title":"should return body containing funds and portfolio value when getUserAccount and getPortfolioValue succeed"},{"ancestorTitles":["get"],"failureMessages":[],"fullName":"get should return status 200 when getUserAccount succeeds and portfolioValue fails","location":null,"status":"passed","title":"should return status 200 when getUserAccount succeeds and portfolioValue fails"},{"ancestorTitles":["get"],"failureMessages":[],"fullName":"get should return body containing only funds when getUserAccount succeeds and portfolioValue fails","location":null,"status":"passed","title":"should return body containing only funds when getUserAccount succeeds and portfolioValue fails"},{"ancestorTitles":["get"],"failureMessages":[],"fullName":"get should call createUserAccount when getUserAccountFails","location":null,"status":"passed","title":"should call createUserAccount when getUserAccountFails"},{"ancestorTitles":["get"],"failureMessages":[],"fullName":"get should return status 200 when createUserAccount and getPortfolioValue succeed","location":null,"status":"passed","title":"should return status 200 when createUserAccount and getPortfolioValue succeed"},{"ancestorTitles":["get"],"failureMessages":[],"fullName":"get should return body containing funds and portfolio value when createUserAccount and getPortfolioValue succeed","location":null,"status":"passed","title":"should return body containing funds and portfolio value when createUserAccount and getPortfolioValue succeed"},{"ancestorTitles":["get"],"failureMessages":[],"fullName":"get should return status 200 when createUserAccount succeeds and getPortfolioValue fails","location":null,"status":"passed","title":"should return status 200 when createUserAccount succeeds and getPortfolioValue fails"},{"ancestorTitles":["get"],"failureMessages":[],"fullName":"get should return body containing only funds when createUserAccount succeeds and portfolioValue fails","location":null,"status":"passed","title":"should return body containing only funds when createUserAccount succeeds and portfolioValue fails"},{"ancestorTitles":["get"],"failureMessages":[],"fullName":"get should return status 403 when getUserAccount and createUserAccount fail","location":null,"status":"passed","title":"should return status 403 when getUserAccount and createUserAccount fail"},{"ancestorTitles":["shares"],"failureMessages":[],"fullName":"shares should return status 200 when getPosition returns an open position","location":null,"status":"passed","title":"should return status 200 when getPosition returns an open position"},{"ancestorTitles":["shares"],"failureMessages":[],"fullName":"shares should return body containing amount and avgPrice when getPosition returns an open position","location":null,"status":"passed","title":"should return body containing amount and avgPrice when getPosition returns an open position"},{"ancestorTitles":["shares"],"failureMessages":[],"fullName":"shares should return status 200 when getPosition returns no position","location":null,"status":"passed","title":"should return status 200 when getPosition returns no position"},{"ancestorTitles":["shares"],"failureMessages":[],"fullName":"shares should return body containing 0 for amount and avgPrice when getPosition returns no position","location":null,"status":"passed","title":"should return body containing 0 for amount and avgPrice when getPosition returns no position"}],"endTime":1646314960748,"message":"","name":"D:\\src\\FDM06\\broker-service\\src\\controllers\\accountController.test.js","startTime":1646314921675,"status":"passed","summary":""},{"assertionResults":[{"ancestorTitles":["get"],"failureMessages":[],"fullName":"get should return status 200 when getAllTransactions returns a list of transactions","location":null,"status":"passed","title":"should return status 200 when getAllTransactions returns a list of transactions"},{"ancestorTitles":["get"],"failureMessages":[],"fullName":"get should return body containing a list of transactions when getAllTransactions returns a list of transactions","location":null,"status":"passed","title":"should return body containing a list of transactions when getAllTransactions returns a list of transactions"},{"ancestorTitles":["get"],"failureMessages":[],"fullName":"get should return status 200 when getAllTransactions returns an empty list","location":null,"status":"passed","title":"should return status 200 when getAllTransactions returns an empty list"},{"ancestorTitles":["get"],"failureMessages":[],"fullName":"get should return body containing an empty list when getAllTransactions returns an empty list","location":null,"status":"passed","title":"should return body containing an empty list when getAllTransactions returns an empty list"},{"ancestorTitles":["buy"],"failureMessages":[],"fullName":"buy should return status 200 when performBuyTransaction and getUserAccount succeed","location":null,"status":"passed","title":"should return status 200 when performBuyTransaction and getUserAccount succeed"},{"ancestorTitles":["buy"],"failureMessages":[],"fullName":"buy should return status 403 when performBuyTransaction fails","location":null,"status":"passed","title":"should return status 403 when performBuyTransaction fails"},{"ancestorTitles":["buy"],"failureMessages":[],"fullName":"buy should return status 403 when getUserAccount fails","location":null,"status":"passed","title":"should return status 403 when getUserAccount fails"},{"ancestorTitles":["sell"],"failureMessages":[],"fullName":"sell should return status 200 when performSellTransaction and getUserAccount succeed","location":null,"status":"passed","title":"should return status 200 when performSellTransaction and getUserAccount succeed"},{"ancestorTitles":["sell"],"failureMessages":[],"fullName":"sell should return status 403 when performSellTransaction fails","location":null,"status":"passed","title":"should return status 403 when performSellTransaction fails"},{"ancestorTitles":["sell"],"failureMessages":[],"fullName":"sell should return status 403 when getUserAccount fails","location":null,"status":"passed","title":"should return status 403 when getUserAccount fails"}],"endTime":1646314960758,"message":"","name":"D:\\src\\FDM06\\broker-service\\src\\controllers\\transactionController.test.js","startTime":1646314921674,"status":"passed","summary":""}],"wasInterrupted":false}